Performing C SOURCE FILE Test CMAKE_HAVE_LIBC_PTHREAD failed with the following output:
Change Dir: /home/nikola/nk-ymnik/workspace/projects/suptertask/cmake-build-debug/CMakeFiles/CMakeTmp

Run Build Command(s):/usr/bin/gmake cmTC_3d4c0/fast && /usr/bin/gmake  -f CMakeFiles/cmTC_3d4c0.dir/build.make CMakeFiles/cmTC_3d4c0.dir/build
gmake[1]: вход в каталог «/home/nikola/nk-ymnik/workspace/projects/suptertask/cmake-build-debug/CMakeFiles/CMakeTmp»
Building C object CMakeFiles/cmTC_3d4c0.dir/src.c.o
/usr/bin/cc -DCMAKE_HAVE_LIBC_PTHREAD   -o CMakeFiles/cmTC_3d4c0.dir/src.c.o -c /home/nikola/nk-ymnik/workspace/projects/suptertask/cmake-build-debug/CMakeFiles/CMakeTmp/src.c
Linking C executable cmTC_3d4c0
/snap/clion/151/bin/cmake/linux/bin/cmake -E cmake_link_script CMakeFiles/cmTC_3d4c0.dir/link.txt --verbose=1
/usr/bin/cc CMakeFiles/cmTC_3d4c0.dir/src.c.o -o cmTC_3d4c0 
/usr/bin/ld: CMakeFiles/cmTC_3d4c0.dir/src.c.o: в функции «main»:
src.c:(.text+0x46): неопределённая ссылка на «pthread_create»
/usr/bin/ld: src.c:(.text+0x52): неопределённая ссылка на «pthread_detach»
/usr/bin/ld: src.c:(.text+0x5e): неопределённая ссылка на «pthread_cancel»
/usr/bin/ld: src.c:(.text+0x6f): неопределённая ссылка на «pthread_join»
collect2: error: ld returned 1 exit status
gmake[1]: *** [CMakeFiles/cmTC_3d4c0.dir/build.make:106: cmTC_3d4c0] Ошибка 1
gmake[1]: выход из каталога «/home/nikola/nk-ymnik/workspace/projects/suptertask/cmake-build-debug/CMakeFiles/CMakeTmp»
gmake: *** [Makefile:140: cmTC_3d4c0/fast] Ошибка 2


Source file was:
#include <pthread.h>

static void* test_func(void* data)
{
  return data;
}

int main(void)
{
  pthread_t thread;
  pthread_create(&thread, NULL, test_func, NULL);
  pthread_detach(thread);
  pthread_cancel(thread);
  pthread_join(thread, NULL);
  pthread_atfork(NULL, NULL, NULL);
  pthread_exit(NULL);

  return 0;
}

Determining if the function pthread_create exists in the pthreads failed with the following output:
Change Dir: /home/nikola/nk-ymnik/workspace/projects/suptertask/cmake-build-debug/CMakeFiles/CMakeTmp

Run Build Command(s):/usr/bin/gmake cmTC_00654/fast && /usr/bin/gmake  -f CMakeFiles/cmTC_00654.dir/build.make CMakeFiles/cmTC_00654.dir/build
gmake[1]: вход в каталог «/home/nikola/nk-ymnik/workspace/projects/suptertask/cmake-build-debug/CMakeFiles/CMakeTmp»
Building C object CMakeFiles/cmTC_00654.dir/CheckFunctionExists.c.o
/usr/bin/cc   -DCHECK_FUNCTION_EXISTS=pthread_create -o CMakeFiles/cmTC_00654.dir/CheckFunctionExists.c.o -c /snap/clion/151/bin/cmake/linux/share/cmake-3.19/Modules/CheckFunctionExists.c
Linking C executable cmTC_00654
/snap/clion/151/bin/cmake/linux/bin/cmake -E cmake_link_script CMakeFiles/cmTC_00654.dir/link.txt --verbose=1
/usr/bin/cc  -DCHECK_FUNCTION_EXISTS=pthread_create CMakeFiles/cmTC_00654.dir/CheckFunctionExists.c.o -o cmTC_00654  -lpthreads 
/usr/bin/ld: невозможно найти -lpthreads
collect2: error: ld returned 1 exit status
gmake[1]: *** [CMakeFiles/cmTC_00654.dir/build.make:106: cmTC_00654] Ошибка 1
gmake[1]: выход из каталога «/home/nikola/nk-ymnik/workspace/projects/suptertask/cmake-build-debug/CMakeFiles/CMakeTmp»
gmake: *** [Makefile:140: cmTC_00654/fast] Ошибка 2



